{
  "RSpec": {
    "coverage": {
      "/Users/admin/Documents/Deck/makers-academy/june/kate_airports/spec/airport_spec.rb": [
        1,
        null,
        1,
        null,
        2,
        null,
        1,
        1,
        null,
        null,
        1,
        null,
        3,
        null,
        1,
        4,
        null,
        null,
        1,
        1,
        1,
        1,
        null,
        null,
        1,
        null,
        1,
        1,
        null,
        null,
        1,
        null,
        null,
        1,
        null,
        null,
        1,
        2,
        null,
        null,
        1,
        null,
        1,
        1,
        null,
        1,
        2,
        null,
        null,
        null,
        null,
        null,
        null,
        1,
        null,
        5,
        null,
        1,
        2,
        1,
        1,
        null,
        null,
        1,
        null,
        2,
        1,
        1,
        1,
        null,
        null,
        1,
        16,
        16,
        2,
        null,
        null,
        1,
        2,
        1,
        2,
        null,
        null,
        1,
        2,
        null,
        1,
        2,
        2,
        null,
        null,
        null,
        null,
        null,
        null,
        1,
        null,
        1,
        2,
        1,
        null,
        null,
        1,
        1,
        null,
        null,
        null,
        null,
        null
      ],
      "/Users/admin/Documents/Deck/makers-academy/june/kate_airports/lib/airport.rb": [
        1,
        null,
        1,
        null,
        1,
        null,
        1,
        13,
        null,
        null,
        1,
        1,
        null,
        null,
        1,
        4,
        2,
        2,
        null,
        null,
        1,
        6,
        null,
        null,
        1,
        24,
        1,
        23,
        1,
        22,
        1,
        null,
        21,
        21,
        null,
        null,
        null,
        1,
        4,
        3,
        null,
        null,
        1,
        0,
        null,
        null,
        1,
        20,
        2,
        null,
        18,
        null,
        null,
        null,
        1,
        19,
        null,
        null,
        null
      ],
      "/Users/admin/Documents/Deck/makers-academy/june/kate_airports/lib/plane.rb": [
        1,
        1,
        null,
        1,
        31,
        null,
        null,
        1,
        3,
        null,
        null,
        1,
        25,
        null,
        null,
        1,
        24,
        null,
        null,
        1,
        3,
        3,
        null,
        null,
        null
      ],
      "/Users/admin/Documents/Deck/makers-academy/june/kate_airports/spec/plane_spec.rb": [
        1,
        null,
        1,
        null,
        2,
        null,
        2,
        null,
        2,
        null,
        2,
        null,
        1,
        1,
        null,
        null,
        1,
        1,
        1,
        null,
        null,
        1,
        1,
        1,
        1,
        null,
        null,
        1,
        null,
        1,
        1,
        1,
        null,
        null,
        null,
        null,
        1,
        null,
        1,
        1,
        1,
        null,
        null,
        null,
        null,
        null
      ]
    },
    "timestamp": 1434452642
  }
}
