{
  "RSpec": {
    "coverage": {
      "/Users/Kate/MakersWeekOne/airport_challenge/spec/airport_spec.rb": [
        1,
        null,
        1,
        null,
        2,
        null,
        1,
        1,
        null,
        null,
        1,
        null,
        3,
        null,
        1,
        4,
        null,
        null,
        1,
        1,
        1,
        1,
        null,
        null,
        1,
        1,
        1,
        1,
        1,
        null,
        null,
        1,
        2,
        null,
        null,
        1,
        null,
        1,
        1,
        null,
        1,
        2,
        null,
        null,
        null,
        null,
        null,
        null,
        1,
        null,
        1,
        5,
        null,
        null,
        1,
        1,
        1,
        1,
        null,
        null,
        1,
        null,
        1,
        0,
        null,
        null,
        1,
        1,
        15,
        2,
        null,
        null,
        1,
        1,
        2,
        null,
        null,
        1,
        2,
        null,
        1,
        1,
        2,
        null,
        null,
        null,
        null,
        null,
        null,
        1,
        null,
        1,
        2,
        1,
        null,
        null,
        1,
        1,
        null,
        null,
        null,
        null,
        null
      ],
      "/Users/Kate/MakersWeekOne/airport_challenge/lib/airport.rb": [
        1,
        null,
        1,
        null,
        1,
        null,
        1,
        13,
        null,
        null,
        1,
        1,
        null,
        null,
        1,
        4,
        2,
        2,
        null,
        null,
        1,
        6,
        null,
        null,
        1,
        22,
        19,
        19,
        null,
        null,
        1,
        4,
        3,
        null,
        null,
        1,
        22,
        21,
        20,
        null,
        null,
        1,
        0,
        null,
        null,
        1,
        1,
        1,
        null,
        0,
        null,
        null,
        null,
        1,
        0,
        null,
        null,
        1,
        22,
        null,
        null,
        null
      ],
      "/Users/Kate/MakersWeekOne/airport_challenge/lib/plane.rb": [
        1,
        1,
        null,
        1,
        25,
        null,
        null,
        1,
        3,
        null,
        null,
        1,
        18,
        null,
        null,
        1,
        18,
        null,
        null,
        1,
        2,
        2,
        null,
        null,
        null
      ],
      "/Users/Kate/MakersWeekOne/airport_challenge/spec/plane_spec.rb": [
        1,
        null,
        1,
        null,
        2,
        null,
        2,
        null,
        2,
        null,
        2,
        null,
        1,
        1,
        null,
        null,
        1,
        1,
        1,
        null,
        null,
        1,
        1,
        1,
        1,
        null,
        null,
        1,
        null,
        1,
        1,
        1,
        null,
        null,
        null,
        null,
        1,
        null,
        1,
        1,
        1,
        null,
        null,
        null,
        null,
        null
      ]
    },
    "timestamp": 1435093022
  }
}
